n/1690162506124.jpg
n/1690162504138.jpg
n/1690162495304.jpg
n/1690162489931.jpg
n/1690162487510.jpg
n/1690162483396.jpg
n/1690162481304.jpg
n/1690162478603.jpg
n/1690162470519.jpg
n/1690162466117.jpg
n/1690162464244.jpg
n/1690162459704.jpg
n/1690162450458.jpg
n/1690162448504.jpg
n/1690162445424.jpg
n/1690162442480.jpg
n/1690162439470.jpg
n/1690162434852.jpg
n/1690162432586.jpg
n/1690162430989.jpg
n/1690162429078.jpg
n/1690162427234.jpg
n/1690162425563.jpg
n/1690162423276.jpg
n/1690162421810.jpg
n/1690162412534.jpg
n/1690162410823.jpg
n/1690162409066.jpg
n/1690162406935.jpg
n/1690159848811.jpg
n/1690159845533.jpg
n/1690159842918.jpg
n/1690159581665.jpg
n/1690159570845.jpg
n/1690159567465.jpg
n/1690159562586.jpg
n/1690159560479.jpg
n/1690159558388.jpg
n/1690159555728.jpg
n/1690159553187.jpg
n/1690159550011.jpg
n/1690159547760.jpg
n/1690159545608.jpg
n/1690159543553.jpg
n/1690159540636.jpg
n/1690159537688.jpg
n/1690159536016.jpg
n/1690159534556.jpg
n/1690159532860.jpg
n/1690159531099.jpg
n/1690159529236.jpg
n/1690159527081.jpg
n/1690159523688.jpg
n/1690159521104.jpg
n/1690159512047.jpg
n/1690159509327.jpg
n/1690159507040.jpg
n/1690159504066.jpg
n/1690159501433.jpg
n/1690159498240.jpg
n/1690159495531.jpg
n/1690159493382.jpg
n/1690159490888.jpg
n/1690159473784.jpg
n/1690159467615.jpg
n/1690159458636.jpg
n/1690159457032.jpg
n/1690159455666.jpg
n/1690159453138.jpg
n/1690159451226.jpg
n/1690159448754.jpg
n/1690159446501.jpg
n/1690159442529.jpg
n/1690159439348.jpg
n/1690159436364.jpg
n/1690159434596.jpg
n/1690159432650.jpg
n/1690159430891.jpg
n/1690159429033.jpg
n/1690159427180.jpg
n/1690159425010.jpg
n/1690159423240.jpg
n/1690159421718.jpg
n/1690159420052.jpg
n/1690159417772.jpg
n/1690159413405.jpg
n/1690159411204.jpg
n/1690159408620.jpg
n/1690159406523.jpg
n/1690159403606.jpg
n/1690159401497.jpg
n/1690159399685.jpg
n/1000_F_205424340_bPoe6ATEm54w2H8eHANDjwCvthKfR0gs.jpg
n/1690150368842.jpeg
n/1690150368843.jpeg
n/1690150600218.jpg
n/1690150600219.jpeg
n/1690150600220.jpeg
n/1690150600222.jpeg
n/1690150600223.jpeg
n/1690150600225.jpeg
n/1690150600226.jpg
n/1690150600227.jpg
n/1690150600228.jpg
n/1690150600229.jpg
n/1690150600230.jpg
n/1690150600231.jpg
n/1690150600232.jpg
n/1690150600233.jpeg
n/1690150600234.jpg
n/1690150600236.jpg
n/360_F_78839144_URKu9VKHVzTANXCti9M95XPEROc0zSlK.jpg
n/1690150368825.jpeg
n/1690150368839.jpeg
n/1690150368841.jpeg
n/architecture-1846023_640.png
n/arrow-1043850_640.jpg
n/asphalt-road-4401704_640.jpg
n/highway-2706138_640.jpg
n/road-3341140_640.jpg
n/road-6175186_640.jpg
n/square-498253_640.jpg
n/along-5290302_640.jpg
n/architecture-4168103_640.jpg
n/empty-roads-6531432_640.jpg
n/highway-498304_640.jpg
n/motorway-2692250_640.jpg
n/parking-3850001_640.jpg
n/road-15312_640.jpg
n/road-1630259_640.jpg
n/road-1667226_640.jpg
n/road-1667228_640.jpg
n/road-2593616_640.jpg
n/road-3304870_640.jpg
n/road-3686761_640.jpg
n/road-4248856_640.jpg
n/road-5045120_640.jpg
n/road-5217022_640.jpg
n/road-5906055_640.jpg
n/sky-4110613_640.jpg
n/street-lighting-282049_640.jpg
n/the-sunset-5206349_640.jpg