p/1690162366590.jpg 1 0 0 178 201
p/1690162363294.jpg 1 0 0 186 211
p/1690162360697.jpg 1 0 0 202 202
p/1690162353288.jpg 1 0 0 169 206
p/1690162350408.jpg 1 0 0 141 188
p/1690159832586.jpg 1 0 0 84 170
p/1690159827944.jpg 1 0 0 124 183
p/1690159823157.jpg 1 0 0 203 213
p/1690159819247.jpg 1 0 0 215 260
p/1690159814943.jpg 1 0 0 181 286
p/1690155203836.jpg 1 0 0 24 24
p/1690155205690.jpg 1 0 0 24 24
p/1690155208496.jpg 1 0 0 24 24
p/1690155210677.jpg 1 0 0 24 24
p/1690155215581.jpg 1 0 0 24 24
p/1690155217630.jpg 1 0 0 24 24
p/1690155220202.jpg 1 0 0 24 24
p/1690155222581.jpg 1 0 0 24 24
p/1690155226792.jpg 1 0 0 24 24
p/1690155243640.jpg 1 0 0 24 24
p/1690155246020.jpg 1 0 0 24 24
p/1690155044776.jpg 1 0 0 24 24
p/1690155051662.jpg 1 0 0 24 24
p/1690155054685.jpg 1 0 0 24 24
p/1690155057643.jpg 1 0 0 24 24
p/1690155060660.jpg 1 0 0 24 24
p/1690155062775.jpg 1 0 0 24 24
p/1690155065432.jpg 1 0 0 24 24
p/1690155068048.jpg 1 0 0 24 24
p/1690155070891.jpg 1 0 0 24 24
p/1690155073166.jpg 1 0 0 24 24
p/1690155076097.jpg 1 0 0 24 24
p/1690155079272.jpg 1 0 0 24 24
p/1690155091092.jpg 1 0 0 24 24
p/1690155114163.jpg 1 0 0 24 24
p/1690155145122.jpg 1 0 0 24 24
p/1690155149707.jpg 1 0 0 24 24
p/1690155164972.jpg 1 0 0 24 24
p/1690155167296.jpg 1 0 0 24 24
p/1690155169214.jpg 1 0 0 24 24
p/1690155171582.jpg 1 0 0 24 24
p/1690155173980.jpg 1 0 0 24 24
p/1690155176045.jpg 1 0 0 24 24
p/1690155178900.jpg 1 0 0 24 24
p/1690155182836.jpg 1 0 0 24 24
p/1690155185365.jpg 1 0 0 24 24
p/1690155187455.jpg 1 0 0 24 24
p/1690155189922.jpg 1 0 0 24 24
p/1690155199284.jpg 1 0 0 24 24
p/1690155201747.jpg 1 0 0 24 24